<?xml version="1.0" encoding="UTF-8"?>
<!-- Generated by org.testng.reporters.JUnitXMLReporter -->
<testsuite ignored="0" hostname="LAPTOP-S80L74PF" failures="0" tests="5" name="Account Tests" time="86.872" errors="0" timestamp="2026-04-16T19:17:27 IST">
  <testcase classname="tests.AccountTest" name="verifyCreateAccount" time="6.49"/>
  <testcase classname="tests.AccountTest" name="verifyEditAccount" time="13.528">
    <skipped/>
  </testcase> <!-- verifyEditAccount -->
  <testcase classname="tests.AccountTest" name="verifyEditAccount" time="14.547">
    <skipped/>
  </testcase> <!-- verifyEditAccount -->
  <testcase classname="tests.AccountTest" name="verifyEditAccount" time="34.306"/>
  <testcase classname="tests.AccountTest" name="verifyInvalidCustomerIdAccountCreation" time="3.365"/>
</testsuite> <!-- Account Tests -->
