<?xml version="1.0" encoding="UTF-8"?>
<!-- Generated by org.testng.reporters.JUnitXMLReporter -->
<testsuite ignored="0" hostname="LAPTOP-S80L74PF" failures="0" tests="4" name="Customer Tests" time="43.913" errors="0" timestamp="2026-04-16T19:16:00 IST">
  <testcase classname="tests.CustomerTest" name="verifyCreateCustomer" time="14.448">
    <skipped/>
  </testcase> <!-- verifyCreateCustomer -->
  <testcase classname="tests.CustomerTest" name="verifyCreateCustomer" time="4.981"/>
  <testcase classname="tests.CustomerTest" name="verifyDuplicateEmailError" time="7.024"/>
  <testcase classname="tests.CustomerTest" name="verifyEditCustomer" time="6.868"/>
</testsuite> <!-- Customer Tests -->
