<?xml version="1.0" encoding="UTF-8"?>
<!-- Generated by org.testng.reporters.JUnitXMLReporter -->
<testsuite ignored="0" hostname="LAPTOP-S80L74PF" failures="0" tests="3" name="Fund Transfer Tests" time="43.802" errors="0" timestamp="2026-04-16T19:18:11 IST">
  <testcase classname="tests.FundTransferTest" name="verifyBalanceAfterTransfer" time="19.716"/>
  <testcase classname="tests.FundTransferTest" name="verifyFundTransferSuccess" time="12.4"/>
  <testcase classname="tests.FundTransferTest" name="verifyInvalidPayeeTransfer" time="3.574"/>
</testsuite> <!-- Fund Transfer Tests -->
