<?xml version="1.0" encoding="UTF-8"?>
<!-- Generated by org.testng.reporters.JUnitXMLReporter -->
<testsuite ignored="0" hostname="LAPTOP-S80L74PF" failures="0" tests="8" name="Login and Validation" time="48.622" errors="0" timestamp="2026-04-16T19:15:16 IST">
  <testcase classname="tests.LoginTest" name="loginTest" time="4.301"/>
  <testcase classname="tests.ValidationTest" name="verifyEmptyFieldValidation" time="3.956"/>
  <testcase classname="tests.LoginTest" name="loginTest" time="1.819"/>
  <testcase classname="tests.LoginTest" name="loginTest" time="1.728"/>
  <testcase classname="tests.ValidationTest" name="verifyFutureDateValidation" time="15.395"/>
  <testcase classname="tests.LoginTest" name="loginTest" time="11.751"/>
  <testcase classname="tests.ValidationTest" name="verifyNonNumericValidation" time="3.342"/>
  <testcase classname="tests.LoginTest" name="verifyLogoutRedirectsToLoginPage" time="3.083"/>
</testsuite> <!-- Login and Validation -->
