<?xml version="1.0" encoding="UTF-8"?>
<!-- Generated by org.testng.reporters.JUnitReportReporter -->
<testsuite hostname="LAPTOP-S80L74PF" failures="0" tests="3" name="tests.FundTransferTest" time="43.791" errors="0" timestamp="2026-04-16T19:18:11 IST" skipped="0">
  <testcase classname="tests.FundTransferTest" name="verifyInvalidPayeeTransfer" time="6.505"/>
  <testcase classname="tests.FundTransferTest" name="verifyBalanceAfterTransfer" time="22.311"/>
  <testcase classname="tests.FundTransferTest" name="verifyFundTransferSuccess" time="14.975"/>
</testsuite> <!-- tests.FundTransferTest -->
