<?xml version="1.0" encoding="UTF-8"?>
<!-- Generated by org.testng.reporters.JUnitReportReporter -->
<testsuite hostname="LAPTOP-S80L74PF" failures="0" tests="5" name="tests.AccountTest" time="86.850" errors="0" timestamp="2026-04-16T19:18:11 IST" skipped="2">
  <testcase classname="tests.AccountTest" name="verifyInvalidCustomerIdAccountCreation" time="6.618"/>
  <testcase classname="tests.AccountTest" name="verifyCreateAccount" time="9.356"/>
  <testcase classname="tests.AccountTest" name="verifyEditAccount" time="17.211">
    <skipped/>
  </testcase> <!-- verifyEditAccount -->
  <testcase classname="tests.AccountTest" name="verifyEditAccount" time="38.039"/>
  <testcase classname="tests.AccountTest" name="verifyEditAccount" time="15.626">
    <skipped/>
  </testcase> <!-- verifyEditAccount -->
</testsuite> <!-- tests.AccountTest -->
