<?xml version="1.0" encoding="UTF-8"?>
<!-- Generated by org.testng.reporters.JUnitReportReporter -->
<testsuite hostname="LAPTOP-S80L74PF" failures="0" tests="4" name="tests.CustomerTest" time="43.895" errors="0" timestamp="2026-04-16T19:18:11 IST" skipped="1">
  <testcase classname="tests.CustomerTest" name="verifyEditCustomer" time="10.012"/>
  <testcase classname="tests.CustomerTest" name="verifyDuplicateEmailError" time="9.852"/>
  <testcase classname="tests.CustomerTest" name="verifyCreateCustomer" time="6.807"/>
  <testcase classname="tests.CustomerTest" name="verifyCreateCustomer" time="17.224">
    <skipped/>
  </testcase> <!-- verifyCreateCustomer -->
</testsuite> <!-- tests.CustomerTest -->
