<?xml version="1.0" encoding="UTF-8"?>
<!-- Generated by org.testng.reporters.JUnitReportReporter -->
<testsuite hostname="LAPTOP-S80L74PF" failures="0" tests="3" name="tests.ValidationTest" time="45.544" errors="0" timestamp="2026-04-16T19:18:11 IST" skipped="0">
  <testcase classname="tests.ValidationTest" name="verifyFutureDateValidation" time="26.345"/>
  <testcase classname="tests.ValidationTest" name="verifyEmptyFieldValidation" time="11.513"/>
  <testcase classname="tests.ValidationTest" name="verifyNonNumericValidation" time="7.686"/>
</testsuite> <!-- tests.ValidationTest -->
