<?xml version="1.0" encoding="UTF-8"?>
<!-- Generated by org.testng.reporters.JUnitReportReporter -->
<testsuite hostname="LAPTOP-S80L74PF" failures="0" tests="5" name="tests.LoginTest" time="47.062" errors="0" timestamp="2026-04-16T19:18:11 IST" skipped="0">
  <testcase classname="tests.LoginTest" name="loginTest" time="6.884"/>
  <testcase classname="tests.LoginTest" name="verifyLogoutRedirectsToLoginPage" time="6.505"/>
  <testcase classname="tests.LoginTest" name="loginTest" time="9.968"/>
  <testcase classname="tests.LoginTest" name="loginTest" time="4.093"/>
  <testcase classname="tests.LoginTest" name="loginTest" time="19.612"/>
</testsuite> <!-- tests.LoginTest -->
